<?xml version="1.0" encoding="UTF-8"?>
<!-- Generated by org.testng.reporters.JUnitReportReporter -->
<testsuite hostname="DESKTOP-QSNT1U1" failures="0" tests="1" name="myproj.LoginwithWrongcred" time="12.254" errors="0" timestamp="2024-10-07T15:50:52 IST" skipped="0">
  <testcase classname="myproj.LoginwithWrongcred" name="logwicr" time="12.254"/>
</testsuite> <!-- myproj.LoginwithWrongcred -->
